<?xml version="1.0" encoding="UTF-8"?>
<!-- Generated by org.testng.reporters.JUnitReportReporter -->
<testsuite hostname="DESKTOP-P7ER7T8" failures="0" tests="1" name="example.SimpleSeleniumScript" time="5.910" errors="0" timestamp="2022-08-23T12:59:22 IST" skipped="0">
  <testcase classname="example.SimpleSeleniumScript" name="launchTwitter" time="5.910"/>
  <system-out/>
</testsuite> <!-- example.SimpleSeleniumScript -->
