<?xml version="1.0" encoding="UTF-8"?>
<!-- Generated by org.testng.reporters.JUnitReportReporter -->
<testsuite hostname="DESKTOP-P7ER7T8" failures="0" tests="1" name="example.SimpleSeleniumScript" time="3.563" errors="0" timestamp="2022-08-23T15:07:50 IST" skipped="0">
  <testcase classname="example.SimpleSeleniumScript" name="launchTwitter" time="3.563"/>
  <system-out/>
</testsuite> <!-- example.SimpleSeleniumScript -->
