<?xml version="1.0" encoding="UTF-8"?>
<!-- Generated by org.testng.reporters.JUnitReportReporter -->
<testsuite hostname="DESKTOP-P7ER7T8" failures="0" tests="1" name="SimpleSeleniumScript" time="6.938" errors="0" timestamp="2022-08-23T21:07:14 IST" skipped="0">
  <testcase classname="SimpleSeleniumScript" name="launchTwitter" time="6.938"/>
  <system-out/>
</testsuite> <!-- SimpleSeleniumScript -->
