<?xml version="1.0" encoding="UTF-8"?>
<!-- Generated by org.testng.reporters.JUnitReportReporter -->
<testsuite hostname="DESKTOP-P7ER7T8" failures="0" tests="1" name="example.SimpleSeleniumScript" time="8.969" errors="0" timestamp="2022-08-23T14:28:05 IST" skipped="0">
  <testcase classname="example.SimpleSeleniumScript" name="launchTwitter" time="8.969"/>
  <system-out/>
</testsuite> <!-- example.SimpleSeleniumScript -->
